<?xml version="1.0" encoding="UTF-8"?>
<!-- Generated by org.testng.reporters.JUnitReportReporter -->
<testsuite skipped="0" hostname="LAPTOP-0K84FQK1" name="Santosh.Reddy.Testing" tests="1" failures="0" timestamp="29 Aug 2017 21:10:12 GMT" time="9.666" errors="0">
  <testcase name="open" time="9.666" classname="Santosh.Reddy.Testing"/>
</testsuite> <!-- Santosh.Reddy.Testing -->
