<?xml version="1.0" encoding="UTF-8"?>
<!-- Generated by org.testng.reporters.JUnitReportReporter -->
<testsuite skipped="0" hostname="LAPTOP-0K84FQK1" name="Santosh.Reddy.AppTest" tests="1" failures="0" timestamp="29 Aug 2017 21:10:12 GMT" time="0.011" errors="0">
  <testcase name="testApp" time="0.011" classname="Santosh.Reddy.AppTest"/>
</testsuite> <!-- Santosh.Reddy.AppTest -->
